<?xml version="1.0" encoding="UTF-8"?>
<!-- Generated by org.testng.reporters.JUnitReportReporter -->
<testsuite skipped="0" hostname="DESKTOP-SJFLRU4" name="com.shopcart.catlog.testcases.ProductsPageTest" tests="3" failures="0" timestamp="23 Aug 2019 06:14:53 GMT" time="153.352" errors="0">
  <testcase name="addNewProductTest" time="26.177" classname="com.shopcart.catlog.testcases.ProductsPageTest"/>
  <testcase name="shortDescriptionTest" time="45.817" classname="com.shopcart.catlog.testcases.ProductsPageTest"/>
  <testcase name="descriptionTest" time="81.358" classname="com.shopcart.catlog.testcases.ProductsPageTest"/>
</testsuite> <!-- com.shopcart.catlog.testcases.ProductsPageTest -->
