<?xml version="1.0" encoding="UTF-8"?>
<!-- Generated by org.testng.reporters.JUnitReportReporter -->
<testsuite skipped="0" hostname="DESKTOP-SJFLRU4" name="com.shopcart.customers.testcases.CustomerPageTest" tests="1" failures="0" timestamp="13 Aug 2019 13:37:54 GMT" time="42.927" errors="0">
  <testcase name="addNewCustomerTest" time="42.927" classname="com.shopcart.customers.testcases.CustomerPageTest"/>
</testsuite> <!-- com.shopcart.customers.testcases.CustomerPageTest -->
