<?xml version="1.0" encoding="UTF-8"?>
<!-- Generated by org.testng.reporters.JUnitReportReporter -->
<testsuite skipped="0" hostname="DESKTOP-SJFLRU4" name="com.shopcart.catlog.testcases.ProductsPageTest" tests="3" failures="0" timestamp="21 Aug 2019 06:17:52 GMT" time="128.237" errors="0">
  <testcase name="addNewProductTest" time="17.740" classname="com.shopcart.catlog.testcases.ProductsPageTest"/>
  <testcase name="shortDescriptionTest" time="44.268" classname="com.shopcart.catlog.testcases.ProductsPageTest"/>
  <testcase name="descriptionTest" time="66.229" classname="com.shopcart.catlog.testcases.ProductsPageTest"/>
</testsuite> <!-- com.shopcart.catlog.testcases.ProductsPageTest -->
