<?xml version="1.0" encoding="UTF-8"?>
<!-- Generated by org.testng.reporters.JUnitReportReporter -->
<testsuite skipped="0" hostname="DESKTOP-SJFLRU4" name="com.shopcart.customers.testcases.AddressesPageTest" tests="1" failures="0" timestamp="20 Aug 2019 10:02:21 GMT" time="30.375" errors="0">
  <testcase name="editAdressTest" time="30.375" classname="com.shopcart.customers.testcases.AddressesPageTest"/>
</testsuite> <!-- com.shopcart.customers.testcases.AddressesPageTest -->
