<?xml version="1.0" encoding="UTF-8"?>
<!-- Generated by org.testng.reporters.JUnitReportReporter -->
<testsuite skipped="0" hostname="DESKTOP-SJFLRU4" name="com.shopcart.customers.testcases.CustomerPageTest" tests="1" failures="0" timestamp="20 Aug 2019 08:19:54 GMT" time="18.883" errors="0">
  <testcase name="clickOnNewCustomerBtnTest" time="18.883" classname="com.shopcart.customers.testcases.CustomerPageTest"/>
</testsuite> <!-- com.shopcart.customers.testcases.CustomerPageTest -->
