<?xml version="1.0" encoding="UTF-8"?>
<!-- Generated by org.testng.reporters.JUnitReportReporter -->
<testsuite skipped="0" hostname="DESKTOP-SJFLRU4" name="com.shopcart.dashboard.testcases.DashboardPageTest" tests="2" failures="0" timestamp="08 Aug 2019 14:32:13 GMT" time="25.000" errors="0">
  <testcase name="checkDashboardPageTitleTest" time="8.490" classname="com.shopcart.dashboard.testcases.DashboardPageTest"/>
  <testcase name="checkDashboardPageLabelTest" time="16.510" classname="com.shopcart.dashboard.testcases.DashboardPageTest"/>
</testsuite> <!-- com.shopcart.dashboard.testcases.DashboardPageTest -->
