<?xml version="1.0" encoding="UTF-8"?>
<!-- Generated by org.testng.reporters.JUnitReportReporter -->
<testsuite skipped="0" hostname="DESKTOP-SJFLRU4" name="com.shopcart.login.testcses.LoginPageTest" tests="1" failures="0" timestamp="23 Aug 2019 09:04:35 GMT" time="17.185" errors="0">
  <testcase name="loginTest" time="17.185" classname="com.shopcart.login.testcses.LoginPageTest"/>
</testsuite> <!-- com.shopcart.login.testcses.LoginPageTest -->
