<?xml version="1.0" encoding="UTF-8"?>
<!-- Generated by org.testng.reporters.JUnitReportReporter -->
<testsuite skipped="0" hostname="DESKTOP-SJFLRU4" name="com.shopcart.catlog.testcases.CategoriesPageTest" tests="1" failures="0" timestamp="22 Aug 2019 06:18:01 GMT" time="63.147" errors="0">
  <testcase name="editCategoryTest" time="63.147" classname="com.shopcart.catlog.testcases.CategoriesPageTest"/>
</testsuite> <!-- com.shopcart.catlog.testcases.CategoriesPageTest -->
