<?xml version="1.0" encoding="UTF-8"?>
<!-- Generated by org.testng.reporters.JUnitReportReporter -->
<testsuite skipped="0" hostname="DESKTOP-SJFLRU4" name="com.shopcart.dashboard.testcases.DashboardPageTest" tests="1" failures="0" timestamp="12 Aug 2019 08:54:02 GMT" time="16.503" errors="0">
  <testcase name="connectToPrestashopButton" time="16.503" classname="com.shopcart.dashboard.testcases.DashboardPageTest"/>
</testsuite> <!-- com.shopcart.dashboard.testcases.DashboardPageTest -->
