<?xml version="1.0" encoding="UTF-8"?>
<!-- Generated by org.testng.reporters.JUnitReportReporter -->
<testsuite skipped="0" hostname="DESKTOP-SJFLRU4" name="com.shopcart.customers.testcases.CustomerPageTest" tests="1" failures="0" timestamp="23 Aug 2019 08:04:43 GMT" time="57.776" errors="0">
  <testcase name="searchCustomerByFirstnameTest" time="57.776" classname="com.shopcart.customers.testcases.CustomerPageTest"/>
</testsuite> <!-- com.shopcart.customers.testcases.CustomerPageTest -->
